2020-01-03 14:14:09.996+0000 INFO [o.n.g.f.m.e.CommunityEditionModule] No locking implementation specified, defaulting to 'community'
2020-01-03 14:14:10.320+0000 INFO [o.n.g.f.GraphDatabaseFacadeFactory] Creating 'graph.db' database.
2020-01-03 14:14:10.393+0000 INFO [o.n.k.a.DatabaseAvailabilityGuard] Requirement `Database available` makes database graph.db unavailable.
2020-01-03 14:14:10.396+0000 INFO [o.n.k.a.DatabaseAvailabilityGuard] Database graph.db is unavailable.
2020-01-03 14:14:10.458+0000 INFO [o.n.i.d.DiagnosticsManager] --- INITIALIZED diagnostics START ---
2020-01-03 14:14:10.458+0000 INFO [o.n.i.d.DiagnosticsManager] Neo4j Kernel properties:
2020-01-03 14:14:10.459+0000 INFO [o.n.i.d.DiagnosticsManager] dbms.connector.http.enabled=true
2020-01-03 14:14:10.459+0000 INFO [o.n.i.d.DiagnosticsManager] dbms.security.auth_enabled=true
2020-01-03 14:14:10.459+0000 INFO [o.n.i.d.DiagnosticsManager] dbms.windows_service_name=neo4j
2020-01-03 14:14:10.459+0000 INFO [o.n.i.d.DiagnosticsManager] dbms.connector.http.listen_address=0.0.0.0:7474
2020-01-03 14:14:10.459+0000 INFO [o.n.i.d.DiagnosticsManager] dbms.connector.https.listen_address=0.0.0.0:7473
2020-01-03 14:14:10.459+0000 INFO [o.n.i.d.DiagnosticsManager] unsupported.dbms.directories.neo4j_home=/var/lib/neo4j
2020-01-03 14:14:10.459+0000 INFO [o.n.i.d.DiagnosticsManager] dbms.connector.bolt.listen_address=0.0.0.0:7687
2020-01-03 14:14:10.459+0000 INFO [o.n.i.d.DiagnosticsManager] dbms.directories.import=import
2020-01-03 14:14:10.459+0000 INFO [o.n.i.d.DiagnosticsManager] dbms.memory.pagecache.size=512M
2020-01-03 14:14:10.460+0000 INFO [o.n.i.d.DiagnosticsManager] unsupported.dbms.edition=community
2020-01-03 14:14:10.460+0000 INFO [o.n.i.d.DiagnosticsManager] dbms.directories.logs=/logs
2020-01-03 14:14:10.460+0000 INFO [o.n.i.d.DiagnosticsManager] dbms.connector.bolt.enabled=true
2020-01-03 14:14:10.460+0000 INFO [o.n.i.d.DiagnosticsManager] dbms.connector.https.enabled=true
2020-01-03 14:14:10.460+0000 INFO [o.n.i.d.DiagnosticsManager] dbms.jvm.additional=-XX:+UseG1GC
2020-01-03 14:14:10.460+0000 INFO [o.n.i.d.DiagnosticsManager] wrapper.java.additional=-Dneo4j.ext.udc.source=docker
2020-01-03 14:14:10.460+0000 INFO [o.n.i.d.DiagnosticsManager] dbms.directories.plugins=/plugins
2020-01-03 14:14:10.460+0000 INFO [o.n.i.d.DiagnosticsManager] dbms.connectors.default_listen_address=0.0.0.0
2020-01-03 14:14:10.460+0000 INFO [o.n.i.d.DiagnosticsManager] dbms.tx_log.rotation.retention_policy=100M size
2020-01-03 14:14:10.461+0000 INFO [o.n.i.d.DiagnosticsManager] EDITION=community
2020-01-03 14:14:10.461+0000 INFO [o.n.i.d.DiagnosticsManager] HOME=/var/lib/neo4j
2020-01-03 14:14:10.461+0000 INFO [o.n.i.d.DiagnosticsManager] Diagnostics providers:
2020-01-03 14:14:10.461+0000 INFO [o.n.i.d.DiagnosticsManager] org.neo4j.kernel.configuration.Config
2020-01-03 14:14:10.461+0000 INFO [o.n.i.d.DiagnosticsManager] org.neo4j.internal.diagnostics.DiagnosticsManager
2020-01-03 14:14:10.461+0000 INFO [o.n.i.d.DiagnosticsManager] SYSTEM_MEMORY
2020-01-03 14:14:10.461+0000 INFO [o.n.i.d.DiagnosticsManager] JAVA_MEMORY
2020-01-03 14:14:10.461+0000 INFO [o.n.i.d.DiagnosticsManager] OPERATING_SYSTEM
2020-01-03 14:14:10.461+0000 INFO [o.n.i.d.DiagnosticsManager] JAVA_VIRTUAL_MACHINE
2020-01-03 14:14:10.461+0000 INFO [o.n.i.d.DiagnosticsManager] CLASSPATH
2020-01-03 14:14:10.462+0000 INFO [o.n.i.d.DiagnosticsManager] LIBRARY_PATH
2020-01-03 14:14:10.462+0000 INFO [o.n.i.d.DiagnosticsManager] SYSTEM_PROPERTIES
2020-01-03 14:14:10.462+0000 INFO [o.n.i.d.DiagnosticsManager] TIMEZONE_DATABASE
2020-01-03 14:14:10.462+0000 INFO [o.n.i.d.DiagnosticsManager] LINUX_SCHEDULERS
2020-01-03 14:14:10.462+0000 INFO [o.n.i.d.DiagnosticsManager] NETWORK
2020-01-03 14:14:10.462+0000 INFO [o.n.i.d.DiagnosticsManager] System memory information:
2020-01-03 14:14:10.470+0000 INFO [o.n.i.d.DiagnosticsManager] Total Physical memory: 1.95 GB
2020-01-03 14:14:10.471+0000 INFO [o.n.i.d.DiagnosticsManager] Free Physical memory: 272.73 MB
2020-01-03 14:14:10.471+0000 INFO [o.n.i.d.DiagnosticsManager] Committed virtual memory: 3.68 GB
2020-01-03 14:14:10.471+0000 INFO [o.n.i.d.DiagnosticsManager] Total swap space: 1024.00 MB
2020-01-03 14:14:10.471+0000 INFO [o.n.i.d.DiagnosticsManager] Free swap space: 1024.00 MB
2020-01-03 14:14:10.471+0000 INFO [o.n.i.d.DiagnosticsManager] JVM memory information:
2020-01-03 14:14:10.471+0000 INFO [o.n.i.d.DiagnosticsManager] Free  memory: 87.01 MB
2020-01-03 14:14:10.472+0000 INFO [o.n.i.d.DiagnosticsManager] Total memory: 128.00 MB
2020-01-03 14:14:10.472+0000 INFO [o.n.i.d.DiagnosticsManager] Max   memory: 500.00 MB
2020-01-03 14:14:10.476+0000 INFO [o.n.i.d.DiagnosticsManager] Garbage Collector: G1 Young Generation: [G1 Eden Space, G1 Survivor Space, G1 Old Gen]
2020-01-03 14:14:10.476+0000 INFO [o.n.i.d.DiagnosticsManager] Garbage Collector: G1 Old Generation: [G1 Eden Space, G1 Survivor Space, G1 Old Gen]
2020-01-03 14:14:10.477+0000 INFO [o.n.i.d.DiagnosticsManager] Memory Pool: Code Cache (Non-heap memory): committed=6.38 MB, used=6.35 MB, max=240.00 MB, threshold=0.00 B
2020-01-03 14:14:10.477+0000 INFO [o.n.i.d.DiagnosticsManager] Memory Pool: Metaspace (Non-heap memory): committed=20.88 MB, used=19.78 MB, max=-1.00 B, threshold=0.00 B
2020-01-03 14:14:10.477+0000 INFO [o.n.i.d.DiagnosticsManager] Memory Pool: Compressed Class Space (Non-heap memory): committed=2.63 MB, used=2.34 MB, max=1.00 GB, threshold=0.00 B
2020-01-03 14:14:10.478+0000 INFO [o.n.i.d.DiagnosticsManager] Memory Pool: G1 Eden Space (Heap memory): committed=76.00 MB, used=18.00 MB, max=-1.00 B, threshold=?
2020-01-03 14:14:10.478+0000 INFO [o.n.i.d.DiagnosticsManager] Memory Pool: G1 Survivor Space (Heap memory): committed=4.00 MB, used=4.00 MB, max=-1.00 B, threshold=?
2020-01-03 14:14:10.478+0000 INFO [o.n.i.d.DiagnosticsManager] Memory Pool: G1 Old Gen (Heap memory): committed=48.00 MB, used=18.48 MB, max=500.00 MB, threshold=0.00 B
2020-01-03 14:14:10.478+0000 INFO [o.n.i.d.DiagnosticsManager] Operating system information:
2020-01-03 14:14:10.479+0000 INFO [o.n.i.d.DiagnosticsManager] Operating System: Linux; version: 4.9.184-linuxkit; arch: amd64; cpus: 6
2020-01-03 14:14:10.479+0000 INFO [o.n.i.d.DiagnosticsManager] Max number of file descriptors: 1048576
2020-01-03 14:14:10.479+0000 INFO [o.n.i.d.DiagnosticsManager] Number of open file descriptors: 133
2020-01-03 14:14:10.482+0000 INFO [o.n.i.d.DiagnosticsManager] Process id: 7@93383edd6fa7
2020-01-03 14:14:10.482+0000 INFO [o.n.i.d.DiagnosticsManager] Byte order: LITTLE_ENDIAN
2020-01-03 14:14:10.489+0000 INFO [o.n.i.d.DiagnosticsManager] Local timezone: Etc/UTC
2020-01-03 14:14:10.489+0000 INFO [o.n.i.d.DiagnosticsManager] JVM information:
2020-01-03 14:14:10.489+0000 INFO [o.n.i.d.DiagnosticsManager] VM Name: OpenJDK 64-Bit Server VM
2020-01-03 14:14:10.489+0000 INFO [o.n.i.d.DiagnosticsManager] VM Vendor: Oracle Corporation
2020-01-03 14:14:10.489+0000 INFO [o.n.i.d.DiagnosticsManager] VM Version: 25.232-b09
2020-01-03 14:14:10.490+0000 INFO [o.n.i.d.DiagnosticsManager] JIT compiler: HotSpot 64-Bit Tiered Compilers
2020-01-03 14:14:10.491+0000 INFO [o.n.i.d.DiagnosticsManager] VM Arguments: [-XX:+UseG1GC, -XX:-OmitStackTraceInFastThrow, -XX:+AlwaysPreTouch, -XX:+UnlockExperimentalVMOptions, -XX:+TrustFinalNonStaticFields, -XX:+DisableExplicitGC, -Djdk.tls.ephemeralDHKeySize=2048, -Djdk.tls.rejectClientInitiatedRenegotiation=true, -Dunsupported.dbms.udc.source=docker, -Dfile.encoding=UTF-8]
2020-01-03 14:14:10.491+0000 INFO [o.n.i.d.DiagnosticsManager] Java classpath:
2020-01-03 14:14:10.496+0000 INFO [o.n.i.d.DiagnosticsManager]  [classpath + loader.0] file:/var/lib/neo4j/lib/neo4j-fulltext-index-3.5.14.jar
2020-01-03 14:14:10.496+0000 INFO [o.n.i.d.DiagnosticsManager]  [classpath + loader.0] file:/var/lib/neo4j/lib/neo4j-configuration-3.5.14.jar
2020-01-03 14:14:10.496+0000 INFO [o.n.i.d.DiagnosticsManager]  [classpath + loader.0] file:/var/lib/neo4j/lib/neo4j-codegen-3.5.14.jar
2020-01-03 14:14:10.496+0000 INFO [o.n.i.d.DiagnosticsManager]  [classpath + loader.0] file:/var/lib/neo4j/lib/neo4j-graph-algo-3.5.14.jar
2020-01-03 14:14:10.497+0000 INFO [o.n.i.d.DiagnosticsManager]  [classpath + loader.0] file:/var/lib/neo4j/lib/jackson-core-asl-1.9.13.jar
2020-01-03 14:14:10.497+0000 INFO [o.n.i.d.DiagnosticsManager]  [classpath + loader.0] file:/var/lib/neo4j/lib/neo4j-parser-3.5-3.5.14.jar
2020-01-03 14:14:10.497+0000 INFO [o.n.i.d.DiagnosticsManager]  [classpath + loader.0] file:/var/lib/neo4j/lib/neo4j-dbms-3.5.14.jar
2020-01-03 14:14:10.497+0000 INFO [o.n.i.d.DiagnosticsManager]  [classpath + loader.0] file:/var/lib/neo4j/lib/neo4j-cypher-ir-3.5-3.5.14.jar
2020-01-03 14:14:10.497+0000 INFO [o.n.i.d.DiagnosticsManager]  [classpath + loader.0] file:/var/lib/neo4j/lib/jetty-http-9.4.17.v20190418.jar
2020-01-03 14:14:10.497+0000 INFO [o.n.i.d.DiagnosticsManager]  [loader.1] file:/usr/local/openjdk-8/lib/ext/zipfs.jar
2020-01-03 14:14:10.497+0000 INFO [o.n.i.d.DiagnosticsManager]  [classpath + loader.0] file:/var/lib/neo4j/lib/concurrentlinkedhashmap-lru-1.4.2.jar
2020-01-03 14:14:10.497+0000 INFO [o.n.i.d.DiagnosticsManager]  [classpath + loader.0] file:/var/lib/neo4j/lib/jPowerShell-1.9.jar
2020-01-03 14:14:10.497+0000 INFO [o.n.i.d.DiagnosticsManager]  [classpath + loader.0] file:/var/lib/neo4j/lib/neo4j-cypher-util-3.4-3.4.17.jar
2020-01-03 14:14:10.498+0000 INFO [o.n.i.d.DiagnosticsManager]  [classpath + loader.0] file:/var/lib/neo4j/lib/neo4j-annotation-processors-3.5.14.jar
2020-01-03 14:14:10.498+0000 INFO [o.n.i.d.DiagnosticsManager]  [classpath + loader.0] file:/var/lib/neo4j/lib/neo4j-cypher-logical-plans-3.5-3.5.14.jar
2020-01-03 14:14:10.498+0000 INFO [o.n.i.d.DiagnosticsManager]  [classpath + loader.0] file:/var/lib/neo4j/lib/neo4j-io-3.5.14.jar
2020-01-03 14:14:10.498+0000 INFO [o.n.i.d.DiagnosticsManager]  [loader.1] file:/usr/local/openjdk-8/lib/ext/sunec.jar
2020-01-03 14:14:10.498+0000 INFO [o.n.i.d.DiagnosticsManager]  [classpath + loader.0] file:/plugins/*
2020-01-03 14:14:10.498+0000 INFO [o.n.i.d.DiagnosticsManager]  [classpath + loader.0] file:/var/lib/neo4j/lib/jakarta.activation-api-1.2.1.jar
2020-01-03 14:14:10.498+0000 INFO [o.n.i.d.DiagnosticsManager]  [loader.1] file:/usr/local/openjdk-8/lib/ext/sunjce_provider.jar
2020-01-03 14:14:10.498+0000 INFO [o.n.i.d.DiagnosticsManager]  [classpath + loader.0] file:/var/lib/neo4j/lib/jetty-io-9.4.17.v20190418.jar
2020-01-03 14:14:10.498+0000 INFO [o.n.i.d.DiagnosticsManager]  [classpath + loader.0] file:/var/lib/neo4j/lib/jersey-server-1.19.3.jar
2020-01-03 14:14:10.498+0000 INFO [o.n.i.d.DiagnosticsManager]  [classpath + loader.0] file:/var/lib/neo4j/lib/neo4j-rewriting-3.5-3.5.14.jar
2020-01-03 14:14:10.498+0000 INFO [o.n.i.d.DiagnosticsManager]  [classpath + loader.0] file:/var/lib/neo4j/lib/neo4j-consistency-check-3.5.14.jar
2020-01-03 14:14:10.498+0000 INFO [o.n.i.d.DiagnosticsManager]  [classpath + loader.0] file:/var/lib/neo4j/lib/neo4j-procedure-api-3.5.14.jar
2020-01-03 14:14:10.498+0000 INFO [o.n.i.d.DiagnosticsManager]  [classpath + loader.0] file:/var/lib/neo4j/lib/server-api-3.5.14.jar
2020-01-03 14:14:10.498+0000 INFO [o.n.i.d.DiagnosticsManager]  [classpath + loader.0] file:/var/lib/neo4j/lib/neo4j-csv-3.5.14.jar
2020-01-03 14:14:10.499+0000 INFO [o.n.i.d.DiagnosticsManager]  [classpath + loader.0] file:/var/lib/neo4j/lib/commons-io-2.6.jar
2020-01-03 14:14:10.499+0000 INFO [o.n.i.d.DiagnosticsManager]  [classpath + loader.0] file:/var/lib/neo4j/lib/neo4j-cypher-planner-3.4-3.4.17.jar
2020-01-03 14:14:10.499+0000 INFO [o.n.i.d.DiagnosticsManager]  [loader.1] file:/usr/local/openjdk-8/lib/ext/dnsns.jar
2020-01-03 14:14:10.499+0000 INFO [o.n.i.d.DiagnosticsManager]  [classpath + loader.0] file:/var/lib/neo4j/lib/jersey-core-1.19.3.jar
2020-01-03 14:14:10.499+0000 INFO [o.n.i.d.DiagnosticsManager]  [classpath + loader.0] file:/var/lib/neo4j/lib/jetty-webapp-9.4.17.v20190418.jar
2020-01-03 14:14:10.499+0000 INFO [o.n.i.d.DiagnosticsManager]  [classpath + loader.0] file:/var/lib/neo4j/lib/jetty-xml-9.4.17.v20190418.jar
2020-01-03 14:14:10.499+0000 INFO [o.n.i.d.DiagnosticsManager]  [classpath + loader.0] file:/var/lib/neo4j/lib/commons-configuration-1.10.jar
2020-01-03 14:14:10.499+0000 INFO [o.n.i.d.DiagnosticsManager]  [classpath + loader.0] file:/var/lib/neo4j/lib/neo4j-cypher-planner-spi-3.4-3.4.17.jar
2020-01-03 14:14:10.499+0000 INFO [o.n.i.d.DiagnosticsManager]  [loader.1] file:/usr/local/openjdk-8/lib/ext/cldrdata.jar
2020-01-03 14:14:10.499+0000 INFO [o.n.i.d.DiagnosticsManager]  [bootstrap] /usr/local/openjdk-8/lib/charsets.jar
2020-01-03 14:14:10.499+0000 INFO [o.n.i.d.DiagnosticsManager]  [classpath + loader.0] file:/var/lib/neo4j/lib/neo4j-collections-3.5.14.jar
2020-01-03 14:14:10.499+0000 INFO [o.n.i.d.DiagnosticsManager]  [classpath + loader.0] file:/var/lib/neo4j/lib/neo4j-push-to-cloud-3.5.14.jar
2020-01-03 14:14:10.499+0000 INFO [o.n.i.d.DiagnosticsManager]  [classpath + loader.0] file:/var/lib/neo4j/lib/jersey-servlet-1.19.3.jar
2020-01-03 14:14:10.499+0000 INFO [o.n.i.d.DiagnosticsManager]  [classpath + loader.0] file:/var/lib/neo4j/lib/neo4j-data-collector-3.5.14.jar
2020-01-03 14:14:10.499+0000 INFO [o.n.i.d.DiagnosticsManager]  [classpath + loader.0] file:/var/lib/neo4j/lib/txw2-2.3.2.jar
2020-01-03 14:14:10.499+0000 INFO [o.n.i.d.DiagnosticsManager]  [bootstrap] /usr/local/openjdk-8/lib/resources.jar
2020-01-03 14:14:10.499+0000 INFO [o.n.i.d.DiagnosticsManager]  [classpath + loader.0] file:/var/lib/neo4j/lib/neo4j-server-3.5.14.jar
2020-01-03 14:14:10.499+0000 INFO [o.n.i.d.DiagnosticsManager]  [classpath + loader.0] file:/var/lib/neo4j/lib/scala-library-2.11.12.jar
2020-01-03 14:14:10.499+0000 INFO [o.n.i.d.DiagnosticsManager]  [bootstrap] /usr/local/openjdk-8/lib/jsse.jar
2020-01-03 14:14:10.499+0000 INFO [o.n.i.d.DiagnosticsManager]  [classpath + loader.0] file:/var/lib/neo4j/lib/neo4j-unsafe-3.5.14.jar
2020-01-03 14:14:10.500+0000 INFO [o.n.i.d.DiagnosticsManager]  [loader.1] file:/usr/local/openjdk-8/lib/ext/localedata.jar
2020-01-03 14:14:10.500+0000 INFO [o.n.i.d.DiagnosticsManager]  [classpath + loader.0] file:/var/lib/neo4j/lib/jetty-server-9.4.17.v20190418.jar
2020-01-03 14:14:10.500+0000 INFO [o.n.i.d.DiagnosticsManager]  [classpath + loader.0] file:/var/lib/neo4j/lib/neo4j-command-line-3.5.14.jar
2020-01-03 14:14:10.500+0000 INFO [o.n.i.d.DiagnosticsManager]  [classpath + loader.0] file:/var/lib/neo4j/lib/neo4j-udc-3.5.14.jar
2020-01-03 14:14:10.500+0000 INFO [o.n.i.d.DiagnosticsManager]  [classpath + loader.0] file:/var/lib/neo4j/lib/neo4j-legacy-3.5.14.jar
2020-01-03 14:14:10.500+0000 INFO [o.n.i.d.DiagnosticsManager]  [classpath + loader.0] file:/var/lib/neo4j/lib/neo4j-concurrent-3.5.14.jar
2020-01-03 14:14:10.500+0000 INFO [o.n.i.d.DiagnosticsManager]  [classpath + loader.0] file:/var/lib/neo4j/lib/javax.servlet-api-3.1.0.jar
2020-01-03 14:14:10.500+0000 INFO [o.n.i.d.DiagnosticsManager]  [bootstrap] /usr/local/openjdk-8/lib/sunrsasign.jar
2020-01-03 14:14:10.500+0000 INFO [o.n.i.d.DiagnosticsManager]  [classpath + loader.0] file:/var/lib/neo4j/lib/jProcesses-1.6.4.jar
2020-01-03 14:14:10.500+0000 INFO [o.n.i.d.DiagnosticsManager]  [classpath + loader.0] file:/var/lib/neo4j/lib/neo4j-cypher-compiler-2.3-2.3.12.jar
2020-01-03 14:14:10.500+0000 INFO [o.n.i.d.DiagnosticsManager]  [classpath + loader.0] file:/var/lib/neo4j/lib/istack-commons-runtime-3.0.8.jar
2020-01-03 14:14:10.500+0000 INFO [o.n.i.d.DiagnosticsManager]  [classpath + loader.0] file:/var/lib/neo4j/lib/neo4j-diagnostics-3.5.14.jar
2020-01-03 14:14:10.500+0000 INFO [o.n.i.d.DiagnosticsManager]  [loader.1] file:/usr/local/openjdk-8/lib/ext/sunpkcs11.jar
2020-01-03 14:14:10.500+0000 INFO [o.n.i.d.DiagnosticsManager]  [classpath + loader.0] file:/var/lib/neo4j/lib/neo4j-ssl-3.5.14.jar
2020-01-03 14:14:10.500+0000 INFO [o.n.i.d.DiagnosticsManager]  [classpath + loader.0] file:/var/lib/neo4j/lib/scala-reflect-2.11.12.jar
2020-01-03 14:14:10.500+0000 INFO [o.n.i.d.DiagnosticsManager]  [classpath + loader.0] file:/var/lib/neo4j/lib/neo4j-values-3.5.14.jar
2020-01-03 14:14:10.501+0000 INFO [o.n.i.d.DiagnosticsManager]  [classpath + loader.0] file:/var/lib/neo4j/lib/neo4j-graphdb-api-3.5.14.jar
2020-01-03 14:14:10.501+0000 INFO [o.n.i.d.DiagnosticsManager]  [classpath + loader.0] file:/var/lib/neo4j/lib/commons-lang-2.6.jar
2020-01-03 14:14:10.501+0000 INFO [o.n.i.d.DiagnosticsManager]  [classpath + loader.0] file:/var/lib/neo4j/lib/netty-all-4.1.43.Final.jar
2020-01-03 14:14:10.501+0000 INFO [o.n.i.d.DiagnosticsManager]  [classpath + loader.0] file:/var/lib/neo4j/lib/lucene-core-5.5.5.jar
2020-01-03 14:14:10.501+0000 INFO [o.n.i.d.DiagnosticsManager]  [classpath + loader.0] file:/var/lib/neo4j/lib/lucene-codecs-5.5.5.jar
2020-01-03 14:14:10.501+0000 INFO [o.n.i.d.DiagnosticsManager]  [bootstrap] /usr/local/openjdk-8/lib/rt.jar
2020-01-03 14:14:10.501+0000 INFO [o.n.i.d.DiagnosticsManager]  [classpath + loader.0] file:/var/lib/neo4j/lib/neo4j-cypher-planner-3.5-3.5.14.jar
2020-01-03 14:14:10.501+0000 INFO [o.n.i.d.DiagnosticsManager]  [classpath + loader.0] file:/var/lib/neo4j/lib/activation-1.1.1.jar
2020-01-03 14:14:10.501+0000 INFO [o.n.i.d.DiagnosticsManager]  [classpath + loader.0] file:/var/lib/neo4j/lib/stax-ex-1.8.1.jar
2020-01-03 14:14:10.501+0000 INFO [o.n.i.d.DiagnosticsManager]  [classpath + loader.0] file:/var/lib/neo4j/lib/neo4j-cypher-compiler-3.1-3.1.9.jar
2020-01-03 14:14:10.501+0000 INFO [o.n.i.d.DiagnosticsManager]  [classpath + loader.0] file:/var/lib/neo4j/lib/eclipse-collections-9.2.0.jar
2020-01-03 14:14:10.501+0000 INFO [o.n.i.d.DiagnosticsManager]  [classpath + loader.0] file:/var/lib/neo4j/lib/commons-compress-1.19.jar
2020-01-03 14:14:10.502+0000 INFO [o.n.i.d.DiagnosticsManager]  [classpath + loader.0] file:/var/lib/neo4j/lib/neo4j-cypher-expression-3.4-3.4.17.jar
2020-01-03 14:14:10.502+0000 INFO [o.n.i.d.DiagnosticsManager]  [classpath + loader.0] file:/var/lib/neo4j/lib/neo4j-browser-3.2.26.jar
2020-01-03 14:14:10.502+0000 INFO [o.n.i.d.DiagnosticsManager]  [classpath + loader.0] file:/var/lib/neo4j/lib/commons-lang3-3.8.jar
2020-01-03 14:14:10.502+0000 INFO [o.n.i.d.DiagnosticsManager]  [classpath + loader.0] file:/var/lib/neo4j/lib/neo4j-ast-3.5-3.5.14.jar
2020-01-03 14:14:10.502+0000 INFO [o.n.i.d.DiagnosticsManager]  [classpath + loader.0] file:/var/lib/neo4j/lib/neo4j-index-3.5.14.jar
2020-01-03 14:14:10.502+0000 INFO [o.n.i.d.DiagnosticsManager]  [classpath + loader.0] file:/var/lib/neo4j/lib/neo4j-cypher-planner-spi-3.5-3.5.14.jar
2020-01-03 14:14:10.502+0000 INFO [o.n.i.d.DiagnosticsManager]  [classpath + loader.0] file:/var/lib/neo4j/conf/
2020-01-03 14:14:10.502+0000 INFO [o.n.i.d.DiagnosticsManager]  [classpath + loader.0] file:/var/lib/neo4j/lib/neo4j-cypher-3.5.14.jar
2020-01-03 14:14:10.502+0000 INFO [o.n.i.d.DiagnosticsManager]  [classpath + loader.0] file:/var/lib/neo4j/lib/jetty-util-9.4.17.v20190418.jar
2020-01-03 14:14:10.502+0000 INFO [o.n.i.d.DiagnosticsManager]  [classpath + loader.0] file:/var/lib/neo4j/lib/jaxb-runtime-2.3.2.jar
2020-01-03 14:14:10.502+0000 INFO [o.n.i.d.DiagnosticsManager]  [classpath + loader.0] file:/var/lib/neo4j/lib/jaxb-api-2.3.0.jar
2020-01-03 14:14:10.502+0000 INFO [o.n.i.d.DiagnosticsManager]  [classpath + loader.0] file:/var/lib/neo4j/lib/neo4j-kernel-3.5.14.jar
2020-01-03 14:14:10.502+0000 INFO [o.n.i.d.DiagnosticsManager]  [classpath + loader.0] file:/var/lib/neo4j/lib/neo4j-lucene-index-3.5.14.jar
2020-01-03 14:14:10.502+0000 INFO [o.n.i.d.DiagnosticsManager]  [classpath + loader.0] file:/var/lib/neo4j/lib/opencsv-2.3.jar
2020-01-03 14:14:10.502+0000 INFO [o.n.i.d.DiagnosticsManager]  [classpath + loader.0] file:/var/lib/neo4j/lib/neo4j-cypher-interpreted-runtime-3.5.14.jar
2020-01-03 14:14:10.502+0000 INFO [o.n.i.d.DiagnosticsManager]  [classpath + loader.0] file:/var/lib/neo4j/lib/neo4j-bolt-3.5.14.jar
2020-01-03 14:14:10.502+0000 INFO [o.n.i.d.DiagnosticsManager]  [classpath + loader.0] file:/var/lib/neo4j/lib/parboiled-scala_2.11-1.1.7.jar
2020-01-03 14:14:10.502+0000 INFO [o.n.i.d.DiagnosticsManager]  [classpath + loader.0] file:/var/lib/neo4j/lib/neo4j-jmx-3.5.14.jar
2020-01-03 14:14:10.502+0000 INFO [o.n.i.d.DiagnosticsManager]  [bootstrap] /usr/local/openjdk-8/classes
2020-01-03 14:14:10.502+0000 INFO [o.n.i.d.DiagnosticsManager]  [classpath + loader.0] file:/var/lib/neo4j/lib/neo4j-cypher-runtime-util-3.5.14.jar
2020-01-03 14:14:10.502+0000 INFO [o.n.i.d.DiagnosticsManager]  [classpath + loader.0] file:/var/lib/neo4j/lib/jetty-servlet-9.4.17.v20190418.jar
2020-01-03 14:14:10.502+0000 INFO [o.n.i.d.DiagnosticsManager]  [classpath + loader.0] file:/var/lib/neo4j/lib/openCypher-frontend-1-3.4.17.jar
2020-01-03 14:14:10.503+0000 INFO [o.n.i.d.DiagnosticsManager]  [classpath + loader.0] file:/var/lib/neo4j/lib/neo4j-security-3.5.14.jar
2020-01-03 14:14:10.503+0000 INFO [o.n.i.d.DiagnosticsManager]  [classpath + loader.0] file:/var/lib/neo4j/lib/neo4j-cypher-logical-plans-3.4-3.4.17.jar
2020-01-03 14:14:10.503+0000 INFO [o.n.i.d.DiagnosticsManager]  [classpath + loader.0] file:/var/lib/neo4j/lib/neo4j-import-tool-3.5.14.jar
2020-01-03 14:14:10.503+0000 INFO [o.n.i.d.DiagnosticsManager]  [classpath + loader.0] file:/var/lib/neo4j/lib/eclipse-collections-api-9.2.0.jar
2020-01-03 14:14:10.503+0000 INFO [o.n.i.d.DiagnosticsManager]  [classpath + loader.0] file:/var/lib/neo4j/lib/jackson-mapper-asl-1.9.13.jar
2020-01-03 14:14:10.503+0000 INFO [o.n.i.d.DiagnosticsManager]  [classpath + loader.0] file:/var/lib/neo4j/lib/FastInfoset-1.2.16.jar
2020-01-03 14:14:10.503+0000 INFO [o.n.i.d.DiagnosticsManager]  [bootstrap] /usr/local/openjdk-8/lib/jfr.jar
2020-01-03 14:14:10.503+0000 INFO [o.n.i.d.DiagnosticsManager]  [classpath + loader.0] file:/var/lib/neo4j/lib/neo4j-kernel-api-3.5.14.jar
2020-01-03 14:14:10.503+0000 INFO [o.n.i.d.DiagnosticsManager]  [classpath + loader.0] file:/var/lib/neo4j/lib/caffeine-2.6.2.jar
2020-01-03 14:14:10.503+0000 INFO [o.n.i.d.DiagnosticsManager]  [classpath + loader.0] file:/var/lib/neo4j/lib/lucene-queryparser-5.5.5.jar
2020-01-03 14:14:10.503+0000 INFO [o.n.i.d.DiagnosticsManager]  [classpath + loader.0] file:/var/lib/neo4j/lib/neo4j-3.5.14.jar
2020-01-03 14:14:10.503+0000 INFO [o.n.i.d.DiagnosticsManager]  [classpath + loader.0] file:/var/lib/neo4j/lib/bcprov-jdk15on-1.60.jar
2020-01-03 14:14:10.503+0000 INFO [o.n.i.d.DiagnosticsManager]  [classpath + loader.0] file:/var/lib/neo4j/lib/jackson-jaxrs-1.9.13.jar
2020-01-03 14:14:10.503+0000 INFO [o.n.i.d.DiagnosticsManager]  [loader.1] file:/usr/local/openjdk-8/lib/ext/nashorn.jar
2020-01-03 14:14:10.503+0000 INFO [o.n.i.d.DiagnosticsManager]  [classpath + loader.0] file:/var/lib/neo4j/lib/neo4j-lucene-upgrade-3.5.14.jar
2020-01-03 14:14:10.503+0000 INFO [o.n.i.d.DiagnosticsManager]  [bootstrap] /usr/local/openjdk-8/lib/jce.jar
2020-01-03 14:14:10.503+0000 INFO [o.n.i.d.DiagnosticsManager]  [classpath + loader.0] file:/var/lib/neo4j/lib/neo4j-cypher-frontend-3.1-3.1.9.jar
2020-01-03 14:14:10.503+0000 INFO [o.n.i.d.DiagnosticsManager]  [classpath + loader.0] file:/var/lib/neo4j/lib/WMI4Java-1.6.1.jar
2020-01-03 14:14:10.503+0000 INFO [o.n.i.d.DiagnosticsManager]  [classpath + loader.0] file:/var/lib/neo4j/lib/neo4j-logging-3.5.14.jar
2020-01-03 14:14:10.503+0000 INFO [o.n.i.d.DiagnosticsManager]  [classpath + loader.0] file:/var/lib/neo4j/lib/zstd-proxy-3.5.14.jar
2020-01-03 14:14:10.503+0000 INFO [o.n.i.d.DiagnosticsManager]  [classpath + loader.0] file:/var/lib/neo4j/lib/jsr311-api-1.1.2.r612.jar
2020-01-03 14:14:10.504+0000 INFO [o.n.i.d.DiagnosticsManager]  [classpath + loader.0] file:/var/lib/neo4j/lib/neo4j-front-end-3.5-3.5.14.jar
2020-01-03 14:14:10.504+0000 INFO [o.n.i.d.DiagnosticsManager]  [classpath + loader.0] file:/var/lib/neo4j/lib/neo4j-cypher-frontend-2.3-2.3.12.jar
2020-01-03 14:14:10.504+0000 INFO [o.n.i.d.DiagnosticsManager]  [classpath + loader.0] file:/plugins/
2020-01-03 14:14:10.504+0000 INFO [o.n.i.d.DiagnosticsManager]  [classpath + loader.0] file:/var/lib/neo4j/lib/lucene-analyzers-common-5.5.5.jar
2020-01-03 14:14:10.504+0000 INFO [o.n.i.d.DiagnosticsManager]  [classpath + loader.0] file:/var/lib/neo4j/lib/neo4j-resource-3.5.14.jar
2020-01-03 14:14:10.504+0000 INFO [o.n.i.d.DiagnosticsManager]  [classpath + loader.0] file:/var/lib/neo4j/lib/neo4j-cypher-ir-3.4-3.4.17.jar
2020-01-03 14:14:10.504+0000 INFO [o.n.i.d.DiagnosticsManager]  [classpath + loader.0] file:/var/lib/neo4j/lib/bcpkix-jdk15on-1.60.jar
2020-01-03 14:14:10.504+0000 INFO [o.n.i.d.DiagnosticsManager]  [classpath + loader.0] file:/var/lib/neo4j/lib/zstd-jni-1.3.8-6.jar
2020-01-03 14:14:10.504+0000 INFO [o.n.i.d.DiagnosticsManager]  [classpath + loader.0] file:/var/lib/neo4j/lib/neo4j-cypher-expression-evaluator-3.5.14.jar
2020-01-03 14:14:10.504+0000 INFO [o.n.i.d.DiagnosticsManager]  [classpath + loader.0] file:/var/lib/neo4j/lib/jakarta.xml.bind-api-2.3.2.jar
2020-01-03 14:14:10.504+0000 INFO [o.n.i.d.DiagnosticsManager]  [classpath + loader.0] file:/var/lib/neo4j/lib/commons-logging-1.1.1.jar
2020-01-03 14:14:10.505+0000 INFO [o.n.i.d.DiagnosticsManager]  [classpath + loader.0] file:/var/lib/neo4j/lib/neo4j-spatial-index-3.5.14.jar
2020-01-03 14:14:10.505+0000 INFO [o.n.i.d.DiagnosticsManager]  [classpath + loader.0] file:/var/lib/neo4j/lib/commons-text-1.4.jar
2020-01-03 14:14:10.505+0000 INFO [o.n.i.d.DiagnosticsManager]  [loader.1] file:/usr/local/openjdk-8/lib/ext/jaccess.jar
2020-01-03 14:14:10.505+0000 INFO [o.n.i.d.DiagnosticsManager]  [classpath + loader.0] file:/var/lib/neo4j/lib/neo4j-graph-matching-3.1.9.jar
2020-01-03 14:14:10.505+0000 INFO [o.n.i.d.DiagnosticsManager]  [classpath + loader.0] file:/var/lib/neo4j/lib/parboiled-core-1.1.7.jar
2020-01-03 14:14:10.505+0000 INFO [o.n.i.d.DiagnosticsManager]  [classpath + loader.0] file:/var/lib/neo4j/lib/neo4j-expressions-3.5-3.5.14.jar
2020-01-03 14:14:10.505+0000 INFO [o.n.i.d.DiagnosticsManager]  [classpath + loader.0] file:/var/lib/neo4j/lib/jetty-security-9.4.17.v20190418.jar
2020-01-03 14:14:10.505+0000 INFO [o.n.i.d.DiagnosticsManager]  [classpath + loader.0] file:/var/lib/neo4j/lib/neo4j-util-3.5-3.5.14.jar
2020-01-03 14:14:10.505+0000 INFO [o.n.i.d.DiagnosticsManager]  [classpath + loader.0] file:/var/lib/neo4j/lib/neo4j-common-3.5.14.jar
2020-01-03 14:14:10.505+0000 INFO [o.n.i.d.DiagnosticsManager] Library path:
2020-01-03 14:14:10.505+0000 INFO [o.n.i.d.DiagnosticsManager] /usr/java/packages/lib/amd64
2020-01-03 14:14:10.505+0000 INFO [o.n.i.d.DiagnosticsManager] /usr/lib64
2020-01-03 14:14:10.505+0000 INFO [o.n.i.d.DiagnosticsManager] /lib64
2020-01-03 14:14:10.506+0000 INFO [o.n.i.d.DiagnosticsManager] /lib
2020-01-03 14:14:10.506+0000 INFO [o.n.i.d.DiagnosticsManager] /usr/lib
2020-01-03 14:14:10.506+0000 INFO [o.n.i.d.DiagnosticsManager] System.properties:
2020-01-03 14:14:10.506+0000 INFO [o.n.i.d.DiagnosticsManager] sun.boot.library.path = /usr/local/openjdk-8/lib/amd64
2020-01-03 14:14:10.506+0000 INFO [o.n.i.d.DiagnosticsManager] jdk.tls.rejectClientInitiatedRenegotiation = true
2020-01-03 14:14:10.506+0000 INFO [o.n.i.d.DiagnosticsManager] path.separator = :
2020-01-03 14:14:10.506+0000 INFO [o.n.i.d.DiagnosticsManager] file.encoding.pkg = sun.io
2020-01-03 14:14:10.506+0000 INFO [o.n.i.d.DiagnosticsManager] sun.java.launcher = SUN_STANDARD
2020-01-03 14:14:10.506+0000 INFO [o.n.i.d.DiagnosticsManager] sun.os.patch.level = unknown
2020-01-03 14:14:10.506+0000 INFO [o.n.i.d.DiagnosticsManager] user.dir = /var/lib/neo4j
2020-01-03 14:14:10.506+0000 INFO [o.n.i.d.DiagnosticsManager] sun.jnu.encoding = UTF-8
2020-01-03 14:14:10.507+0000 INFO [o.n.i.d.DiagnosticsManager] unsupported.dbms.udc.source = docker
2020-01-03 14:14:10.507+0000 INFO [o.n.i.d.DiagnosticsManager] sun.management.compiler = HotSpot 64-Bit Tiered Compilers
2020-01-03 14:14:10.507+0000 INFO [o.n.i.d.DiagnosticsManager] user.home = /var/lib/neo4j
2020-01-03 14:14:10.507+0000 INFO [o.n.i.d.DiagnosticsManager] user.timezone = Etc/UTC
2020-01-03 14:14:10.507+0000 INFO [o.n.i.d.DiagnosticsManager] file.encoding = UTF-8
2020-01-03 14:14:10.507+0000 INFO [o.n.i.d.DiagnosticsManager] user.name = neo4j
2020-01-03 14:14:10.507+0000 INFO [o.n.i.d.DiagnosticsManager] sun.java.command = org.neo4j.server.CommunityEntryPoint --home-dir=/var/lib/neo4j --config-dir=/var/lib/neo4j/conf
2020-01-03 14:14:10.507+0000 INFO [o.n.i.d.DiagnosticsManager] sun.arch.data.model = 64
2020-01-03 14:14:10.507+0000 INFO [o.n.i.d.DiagnosticsManager] user.language = en
2020-01-03 14:14:10.507+0000 INFO [o.n.i.d.DiagnosticsManager] awt.toolkit = sun.awt.X11.XToolkit
2020-01-03 14:14:10.507+0000 INFO [o.n.i.d.DiagnosticsManager] jdk.tls.ephemeralDHKeySize = 2048
2020-01-03 14:14:10.507+0000 INFO [o.n.i.d.DiagnosticsManager] file.separator = /
2020-01-03 14:14:10.507+0000 INFO [o.n.i.d.DiagnosticsManager] sun.io.unicode.encoding = UnicodeLittle
2020-01-03 14:14:10.507+0000 INFO [o.n.i.d.DiagnosticsManager] sun.cpu.endian = little
2020-01-03 14:14:10.507+0000 INFO [o.n.i.d.DiagnosticsManager] sun.cpu.isalist = 
2020-01-03 14:14:10.507+0000 INFO [o.n.i.d.DiagnosticsManager] (IANA) TimeZone Database Version:
2020-01-03 14:14:10.536+0000 INFO [o.n.i.d.DiagnosticsManager]   TimeZone version: 2019c (available for 600 zone identifiers)
2020-01-03 14:14:10.536+0000 INFO [o.n.i.d.DiagnosticsManager] Linux scheduler information:
2020-01-03 14:14:10.549+0000 INFO [o.n.i.d.DiagnosticsManager] none
2020-01-03 14:14:10.549+0000 INFO [o.n.i.d.DiagnosticsManager] none
2020-01-03 14:14:10.549+0000 INFO [o.n.i.d.DiagnosticsManager] none
2020-01-03 14:14:10.550+0000 INFO [o.n.i.d.DiagnosticsManager] none
2020-01-03 14:14:10.550+0000 INFO [o.n.i.d.DiagnosticsManager] none
2020-01-03 14:14:10.550+0000 INFO [o.n.i.d.DiagnosticsManager] none
2020-01-03 14:14:10.550+0000 INFO [o.n.i.d.DiagnosticsManager] none
2020-01-03 14:14:10.550+0000 INFO [o.n.i.d.DiagnosticsManager] noop [deadline] cfq 
2020-01-03 14:14:10.550+0000 INFO [o.n.i.d.DiagnosticsManager] none
2020-01-03 14:14:10.551+0000 INFO [o.n.i.d.DiagnosticsManager] none
2020-01-03 14:14:10.551+0000 INFO [o.n.i.d.DiagnosticsManager] none
2020-01-03 14:14:10.551+0000 INFO [o.n.i.d.DiagnosticsManager] noop [deadline] cfq 
2020-01-03 14:14:10.551+0000 INFO [o.n.i.d.DiagnosticsManager] none
2020-01-03 14:14:10.551+0000 INFO [o.n.i.d.DiagnosticsManager] none
2020-01-03 14:14:10.551+0000 INFO [o.n.i.d.DiagnosticsManager] none
2020-01-03 14:14:10.552+0000 INFO [o.n.i.d.DiagnosticsManager] none
2020-01-03 14:14:10.552+0000 INFO [o.n.i.d.DiagnosticsManager] none
2020-01-03 14:14:10.552+0000 INFO [o.n.i.d.DiagnosticsManager] none
2020-01-03 14:14:10.552+0000 INFO [o.n.i.d.DiagnosticsManager] noop [deadline] cfq 
2020-01-03 14:14:10.552+0000 INFO [o.n.i.d.DiagnosticsManager] none
2020-01-03 14:14:10.552+0000 INFO [o.n.i.d.DiagnosticsManager] none
2020-01-03 14:14:10.552+0000 INFO [o.n.i.d.DiagnosticsManager] none
2020-01-03 14:14:10.553+0000 INFO [o.n.i.d.DiagnosticsManager] none
2020-01-03 14:14:10.553+0000 INFO [o.n.i.d.DiagnosticsManager] none
2020-01-03 14:14:10.553+0000 INFO [o.n.i.d.DiagnosticsManager] noop [deadline] cfq 
2020-01-03 14:14:10.553+0000 INFO [o.n.i.d.DiagnosticsManager] none
2020-01-03 14:14:10.553+0000 INFO [o.n.i.d.DiagnosticsManager] none
2020-01-03 14:14:10.553+0000 INFO [o.n.i.d.DiagnosticsManager] none
2020-01-03 14:14:10.553+0000 INFO [o.n.i.d.DiagnosticsManager] Network information:
2020-01-03 14:14:10.555+0000 INFO [o.n.i.d.DiagnosticsManager] Interface eth0:
2020-01-03 14:14:10.556+0000 INFO [o.n.i.d.DiagnosticsManager]     address: 172.24.0.2
2020-01-03 14:14:10.556+0000 INFO [o.n.i.d.DiagnosticsManager] Interface lo:
2020-01-03 14:14:10.556+0000 INFO [o.n.i.d.DiagnosticsManager]     address: 127.0.0.1
2020-01-03 14:14:10.556+0000 INFO [o.n.i.d.DiagnosticsManager] --- INITIALIZED diagnostics END ---
2020-01-03 14:14:10.860+0000 INFO [o.n.k.i.s.f.RecordFormatSelector] Selected format 'RecordFormat:StandardV3_4[v0.A.9]' for the new store
2020-01-03 14:14:12.352+0000 INFO [o.n.k.i.i.l.NativeLabelScanStore] No label index found, this might just be first use. Preparing to rebuild.
2020-01-03 14:14:12.455+0000 INFO [o.n.k.NeoStoreDataSource] Rotated to transaction log [/var/lib/neo4j/data/databases/graph.db/neostore.transaction.db.0] version=0, last transaction in previous log=1
2020-01-03 14:14:12.458+0000 INFO [o.n.k.NeoStoreDataSource] No commits found after last check point (which is at <no log position given>)
2020-01-03 14:14:12.485+0000 WARN [o.n.k.i.s.MetaDataStore] Missing counts store, rebuilding it.
2020-01-03 14:14:12.502+0000 WARN [o.n.k.i.s.MetaDataStore] Counts store rebuild completed.
2020-01-03 14:14:12.574+0000 INFO [o.n.k.i.i.l.NativeLabelScanStore] Rebuilding label index, this may take a while
2020-01-03 14:14:12.610+0000 INFO [o.n.k.i.i.l.NativeLabelScanStore] Label index rebuilt (roughly 0 nodes)
2020-01-03 14:14:12.624+0000 INFO [o.n.i.d.DiagnosticsManager] --- STARTED diagnostics for KernelDiagnostics:Versions START ---
2020-01-03 14:14:12.626+0000 INFO [o.n.i.d.DiagnosticsManager] Graph Database: community single StoreId{creationTime=1578060851658, randomId=4035014495769115413, storeVersion=16094931155187206, upgradeTime=1578060851658, upgradeId=1}
2020-01-03 14:14:12.628+0000 INFO [o.n.i.d.DiagnosticsManager] Kernel version: 3.5.14,932d555a90a30c92acddd30a504e6ae1932a92ae
2020-01-03 14:14:12.629+0000 INFO [o.n.i.d.DiagnosticsManager] --- STARTED diagnostics for KernelDiagnostics:Versions END ---
2020-01-03 14:14:12.635+0000 INFO [o.n.i.d.DiagnosticsManager] --- STARTED diagnostics for NEO_STORE_VERSIONS START ---
2020-01-03 14:14:12.637+0000 INFO [o.n.i.d.DiagnosticsManager] Store versions:
2020-01-03 14:14:12.639+0000 INFO [o.n.i.d.DiagnosticsManager]   ArrayPropertyStore v0.A.9
2020-01-03 14:14:12.640+0000 INFO [o.n.i.d.DiagnosticsManager]   NodeStore v0.A.9
2020-01-03 14:14:12.641+0000 INFO [o.n.i.d.DiagnosticsManager]   StringPropertyStore v0.A.9
2020-01-03 14:14:12.642+0000 INFO [o.n.i.d.DiagnosticsManager]   PropertyIndexStore v0.A.9
2020-01-03 14:14:12.644+0000 INFO [o.n.i.d.DiagnosticsManager]   StringPropertyStore v0.A.9
2020-01-03 14:14:12.645+0000 INFO [o.n.i.d.DiagnosticsManager]   ArrayPropertyStore v0.A.9
2020-01-03 14:14:12.646+0000 INFO [o.n.i.d.DiagnosticsManager]   PropertyStore v0.A.9
2020-01-03 14:14:12.647+0000 INFO [o.n.i.d.DiagnosticsManager]   RelationshipStore v0.A.9
2020-01-03 14:14:12.649+0000 INFO [o.n.i.d.DiagnosticsManager]   StringPropertyStore v0.A.9
2020-01-03 14:14:12.650+0000 INFO [o.n.i.d.DiagnosticsManager]   RelationshipTypeStore v0.A.9
2020-01-03 14:14:12.651+0000 INFO [o.n.i.d.DiagnosticsManager]   StringPropertyStore v0.A.9
2020-01-03 14:14:12.652+0000 INFO [o.n.i.d.DiagnosticsManager]   LabelTokenStore v0.A.9
2020-01-03 14:14:12.654+0000 INFO [o.n.i.d.DiagnosticsManager]   SchemaStore v0.A.9
2020-01-03 14:14:12.655+0000 INFO [o.n.i.d.DiagnosticsManager]   RelationshipGroupStore v0.A.9
2020-01-03 14:14:12.656+0000 INFO [o.n.i.d.DiagnosticsManager]   NeoStore v0.A.9
2020-01-03 14:14:12.657+0000 INFO [o.n.i.d.DiagnosticsManager] --- STARTED diagnostics for NEO_STORE_VERSIONS END ---
2020-01-03 14:14:12.658+0000 INFO [o.n.i.d.DiagnosticsManager] --- STARTED diagnostics for NEO_STORE_ID_USAGE START ---
2020-01-03 14:14:12.659+0000 INFO [o.n.i.d.DiagnosticsManager] Id usage:
2020-01-03 14:14:12.661+0000 INFO [o.n.i.d.DiagnosticsManager]   ArrayPropertyStore: used=1 high=0
2020-01-03 14:14:12.662+0000 INFO [o.n.i.d.DiagnosticsManager]   NodeStore: used=0 high=-1
2020-01-03 14:14:12.665+0000 INFO [o.n.i.d.DiagnosticsManager]   StringPropertyStore: used=1 high=0
2020-01-03 14:14:12.667+0000 INFO [o.n.i.d.DiagnosticsManager]   PropertyIndexStore: used=0 high=-1
2020-01-03 14:14:12.668+0000 INFO [o.n.i.d.DiagnosticsManager]   StringPropertyStore: used=1 high=0
2020-01-03 14:14:12.669+0000 INFO [o.n.i.d.DiagnosticsManager]   ArrayPropertyStore: used=1 high=0
2020-01-03 14:14:12.671+0000 INFO [o.n.i.d.DiagnosticsManager]   PropertyStore: used=0 high=-1
2020-01-03 14:14:12.672+0000 INFO [o.n.i.d.DiagnosticsManager]   RelationshipStore: used=0 high=-1
2020-01-03 14:14:12.673+0000 INFO [o.n.i.d.DiagnosticsManager]   StringPropertyStore: used=1 high=0
2020-01-03 14:14:12.674+0000 INFO [o.n.i.d.DiagnosticsManager]   RelationshipTypeStore: used=0 high=-1
2020-01-03 14:14:12.675+0000 INFO [o.n.i.d.DiagnosticsManager]   StringPropertyStore: used=1 high=0
2020-01-03 14:14:12.676+0000 INFO [o.n.i.d.DiagnosticsManager]   LabelTokenStore: used=0 high=-1
2020-01-03 14:14:12.677+0000 INFO [o.n.i.d.DiagnosticsManager]   SchemaStore: used=1 high=0
2020-01-03 14:14:12.678+0000 INFO [o.n.i.d.DiagnosticsManager]   RelationshipGroupStore: used=1 high=0
2020-01-03 14:14:12.679+0000 INFO [o.n.i.d.DiagnosticsManager]   NeoStore: used=15 high=14
2020-01-03 14:14:12.681+0000 INFO [o.n.i.d.DiagnosticsManager] --- STARTED diagnostics for NEO_STORE_ID_USAGE END ---
2020-01-03 14:14:12.682+0000 INFO [o.n.i.d.DiagnosticsManager] --- STARTED diagnostics for NEO_STORE_RECORDS START ---
2020-01-03 14:14:12.683+0000 INFO [o.n.i.d.DiagnosticsManager] Neostore records:
2020-01-03 14:14:12.685+0000 INFO [o.n.i.d.DiagnosticsManager] TIME (Creation time): 1578060851658
2020-01-03 14:14:12.687+0000 INFO [o.n.i.d.DiagnosticsManager] RANDOM_NUMBER (Random number for store id): 4035014495769115413
2020-01-03 14:14:12.688+0000 INFO [o.n.i.d.DiagnosticsManager] LOG_VERSION (Current log version): 0
2020-01-03 14:14:12.689+0000 INFO [o.n.i.d.DiagnosticsManager] LAST_TRANSACTION_ID (Last committed transaction): 1
2020-01-03 14:14:12.690+0000 INFO [o.n.i.d.DiagnosticsManager] STORE_VERSION (Store format version): 16094931155187206
2020-01-03 14:14:12.691+0000 INFO [o.n.i.d.DiagnosticsManager] FIRST_GRAPH_PROPERTY (First property record containing graph properties): -1
2020-01-03 14:14:12.692+0000 INFO [o.n.i.d.DiagnosticsManager] LAST_CONSTRAINT_TRANSACTION (Last committed transaction containing constraint changes): 0
2020-01-03 14:14:12.693+0000 INFO [o.n.i.d.DiagnosticsManager] UPGRADE_TRANSACTION_ID (Transaction id most recent upgrade was performed at): 1
2020-01-03 14:14:12.694+0000 INFO [o.n.i.d.DiagnosticsManager] UPGRADE_TIME (Time of last upgrade): 1578060851658
2020-01-03 14:14:12.696+0000 INFO [o.n.i.d.DiagnosticsManager] LAST_TRANSACTION_CHECKSUM (Checksum of last committed transaction): 0
2020-01-03 14:14:12.696+0000 INFO [o.n.i.d.DiagnosticsManager] UPGRADE_TRANSACTION_CHECKSUM (Checksum of transaction id the most recent upgrade was performed at): 0
2020-01-03 14:14:12.697+0000 INFO [o.n.i.d.DiagnosticsManager] LAST_CLOSED_TRANSACTION_LOG_VERSION (Log version where the last transaction commit entry has been written into): 0
2020-01-03 14:14:12.698+0000 INFO [o.n.i.d.DiagnosticsManager] LAST_CLOSED_TRANSACTION_LOG_BYTE_OFFSET (Byte offset in the log file where the last transaction commit entry has been written into): 16
2020-01-03 14:14:12.699+0000 INFO [o.n.i.d.DiagnosticsManager] LAST_TRANSACTION_COMMIT_TIMESTAMP (Commit time timestamp for last committed transaction): 0
2020-01-03 14:14:12.700+0000 INFO [o.n.i.d.DiagnosticsManager] UPGRADE_TRANSACTION_COMMIT_TIMESTAMP (Commit timestamp of transaction the most recent upgrade was performed at): 0
2020-01-03 14:14:12.701+0000 INFO [o.n.i.d.DiagnosticsManager] --- STARTED diagnostics for NEO_STORE_RECORDS END ---
2020-01-03 14:14:12.704+0000 INFO [o.n.i.d.DiagnosticsManager] --- STARTED diagnostics for TRANSACTION_RANGE START ---
2020-01-03 14:14:12.705+0000 INFO [o.n.i.d.DiagnosticsManager] Transaction log:
2020-01-03 14:14:12.710+0000 INFO [o.n.i.d.DiagnosticsManager] No transactions found in any log
2020-01-03 14:14:12.710+0000 INFO [o.n.i.d.DiagnosticsManager] --- STARTED diagnostics for TRANSACTION_RANGE END ---
2020-01-03 14:14:12.717+0000 INFO [o.n.i.d.DiagnosticsManager] --- STARTED diagnostics for KernelDiagnostics:StoreFiles START ---
2020-01-03 14:14:12.719+0000 INFO [o.n.i.d.DiagnosticsManager] Disk space on partition (Total / Free / Free %): 250685575168 / 16753725440 / 6
2020-01-03 14:14:12.720+0000 INFO [o.n.i.d.DiagnosticsManager] Storage files: (filename : modification date - size)
2020-01-03 14:14:12.732+0000 INFO [o.n.i.d.DiagnosticsManager]   index:
2020-01-03 14:14:12.736+0000 INFO [o.n.i.d.DiagnosticsManager]   - Total: 2020-01-03T14:14:12+0000 - 0.00 B
2020-01-03 14:14:12.739+0000 INFO [o.n.i.d.DiagnosticsManager]   neostore: 2020-01-03T14:14:11+0000 - 8.00 kB
2020-01-03 14:14:12.741+0000 INFO [o.n.i.d.DiagnosticsManager]   neostore.counts.db.a: 2020-01-03T14:14:12+0000 - 96.00 B
2020-01-03 14:14:12.744+0000 INFO [o.n.i.d.DiagnosticsManager]   neostore.id: 2020-01-03T14:14:11+0000 - 9.00 B
2020-01-03 14:14:12.748+0000 INFO [o.n.i.d.DiagnosticsManager]   neostore.labelscanstore.db: 2020-01-03T14:14:12+0000 - 40.00 kB
2020-01-03 14:14:12.750+0000 INFO [o.n.i.d.DiagnosticsManager]   neostore.labeltokenstore.db: 2020-01-03T14:14:11+0000 - 0.00 B
2020-01-03 14:14:12.753+0000 INFO [o.n.i.d.DiagnosticsManager]   neostore.labeltokenstore.db.id: 2020-01-03T14:14:11+0000 - 9.00 B
2020-01-03 14:14:12.756+0000 INFO [o.n.i.d.DiagnosticsManager]   neostore.labeltokenstore.db.names: 2020-01-03T14:14:11+0000 - 8.00 kB
2020-01-03 14:14:12.758+0000 INFO [o.n.i.d.DiagnosticsManager]   neostore.labeltokenstore.db.names.id: 2020-01-03T14:14:11+0000 - 9.00 B
2020-01-03 14:14:12.760+0000 INFO [o.n.i.d.DiagnosticsManager]   neostore.nodestore.db: 2020-01-03T14:14:11+0000 - 0.00 B
2020-01-03 14:14:12.762+0000 INFO [o.n.i.d.DiagnosticsManager]   neostore.nodestore.db.id: 2020-01-03T14:14:11+0000 - 9.00 B
2020-01-03 14:14:12.764+0000 INFO [o.n.i.d.DiagnosticsManager]   neostore.nodestore.db.labels: 2020-01-03T14:14:10+0000 - 8.00 kB
2020-01-03 14:14:12.767+0000 INFO [o.n.i.d.DiagnosticsManager]   neostore.nodestore.db.labels.id: 2020-01-03T14:14:11+0000 - 9.00 B
2020-01-03 14:14:12.769+0000 INFO [o.n.i.d.DiagnosticsManager]   neostore.propertystore.db: 2020-01-03T14:14:11+0000 - 0.00 B
2020-01-03 14:14:12.772+0000 INFO [o.n.i.d.DiagnosticsManager]   neostore.propertystore.db.arrays: 2020-01-03T14:14:11+0000 - 8.00 kB
2020-01-03 14:14:12.774+0000 INFO [o.n.i.d.DiagnosticsManager]   neostore.propertystore.db.arrays.id: 2020-01-03T14:14:11+0000 - 9.00 B
2020-01-03 14:14:12.776+0000 INFO [o.n.i.d.DiagnosticsManager]   neostore.propertystore.db.id: 2020-01-03T14:14:11+0000 - 9.00 B
2020-01-03 14:14:12.778+0000 INFO [o.n.i.d.DiagnosticsManager]   neostore.propertystore.db.index: 2020-01-03T14:14:11+0000 - 0.00 B
2020-01-03 14:14:12.780+0000 INFO [o.n.i.d.DiagnosticsManager]   neostore.propertystore.db.index.id: 2020-01-03T14:14:11+0000 - 9.00 B
2020-01-03 14:14:12.782+0000 INFO [o.n.i.d.DiagnosticsManager]   neostore.propertystore.db.index.keys: 2020-01-03T14:14:11+0000 - 8.00 kB
2020-01-03 14:14:12.784+0000 INFO [o.n.i.d.DiagnosticsManager]   neostore.propertystore.db.index.keys.id: 2020-01-03T14:14:11+0000 - 9.00 B
2020-01-03 14:14:12.786+0000 INFO [o.n.i.d.DiagnosticsManager]   neostore.propertystore.db.strings: 2020-01-03T14:14:11+0000 - 8.00 kB
2020-01-03 14:14:12.788+0000 INFO [o.n.i.d.DiagnosticsManager]   neostore.propertystore.db.strings.id: 2020-01-03T14:14:11+0000 - 9.00 B
2020-01-03 14:14:12.791+0000 INFO [o.n.i.d.DiagnosticsManager]   neostore.relationshipgroupstore.db: 2020-01-03T14:14:11+0000 - 8.00 kB
2020-01-03 14:14:12.793+0000 INFO [o.n.i.d.DiagnosticsManager]   neostore.relationshipgroupstore.db.id: 2020-01-03T14:14:11+0000 - 9.00 B
2020-01-03 14:14:12.795+0000 INFO [o.n.i.d.DiagnosticsManager]   neostore.relationshipstore.db: 2020-01-03T14:14:11+0000 - 0.00 B
2020-01-03 14:14:12.797+0000 INFO [o.n.i.d.DiagnosticsManager]   neostore.relationshipstore.db.id: 2020-01-03T14:14:11+0000 - 9.00 B
2020-01-03 14:14:12.800+0000 INFO [o.n.i.d.DiagnosticsManager]   neostore.relationshiptypestore.db: 2020-01-03T14:14:11+0000 - 0.00 B
2020-01-03 14:14:12.802+0000 INFO [o.n.i.d.DiagnosticsManager]   neostore.relationshiptypestore.db.id: 2020-01-03T14:14:11+0000 - 9.00 B
2020-01-03 14:14:12.804+0000 INFO [o.n.i.d.DiagnosticsManager]   neostore.relationshiptypestore.db.names: 2020-01-03T14:14:11+0000 - 8.00 kB
2020-01-03 14:14:12.807+0000 INFO [o.n.i.d.DiagnosticsManager]   neostore.relationshiptypestore.db.names.id: 2020-01-03T14:14:11+0000 - 9.00 B
2020-01-03 14:14:12.809+0000 INFO [o.n.i.d.DiagnosticsManager]   neostore.schemastore.db: 2020-01-03T14:14:11+0000 - 8.00 kB
2020-01-03 14:14:12.811+0000 INFO [o.n.i.d.DiagnosticsManager]   neostore.schemastore.db.id: 2020-01-03T14:14:11+0000 - 9.00 B
2020-01-03 14:14:12.813+0000 INFO [o.n.i.d.DiagnosticsManager]   neostore.transaction.db.0: 2020-01-03T14:14:12+0000 - 16.00 B
2020-01-03 14:14:12.814+0000 INFO [o.n.i.d.DiagnosticsManager] Storage summary: 
2020-01-03 14:14:12.815+0000 INFO [o.n.i.d.DiagnosticsManager]   Total size of store: 112.24 kB
2020-01-03 14:14:12.816+0000 INFO [o.n.i.d.DiagnosticsManager]   Total size of mapped files: 112.00 kB
2020-01-03 14:14:12.817+0000 INFO [o.n.i.d.DiagnosticsManager] --- STARTED diagnostics for KernelDiagnostics:StoreFiles END ---
2020-01-03 14:14:12.818+0000 INFO [o.n.k.a.DatabaseAvailabilityGuard] Fulfilling of requirement 'Database available' makes database graph.db available.
2020-01-03 14:14:12.820+0000 INFO [o.n.k.a.DatabaseAvailabilityGuard] Database graph.db is ready.
2020-01-03 14:14:12.820+0000 INFO [o.n.k.i.DatabaseHealth] Database health set to OK
2020-01-03 14:14:13.458+0000 INFO [o.n.b.BoltServer] Bolt server loaded
2020-01-03 14:14:13.673+0000 INFO [o.n.b.BoltServer] Bolt enabled on 0.0.0.0:7687.
2020-01-03 14:14:16.316+0000 INFO [o.n.i.d.DiagnosticsManager] --- SERVER STARTED START ---
2020-01-03 14:14:18.030+0000 INFO [o.n.i.d.DiagnosticsManager] --- SERVER STARTED END ---
